[34m07/03/2022 20:24:53 - [info] : Server is runnin on port 8000[39m
[34m07/03/2022 20:24:53 - [info] : Mongoose connection is disconnected.[39m
[31m07/03/2022 20:24:53 - [error] : Can not Connect MongoAPIError: URI must include hostname, domain name, and tld[39m
[34m07/03/2022 20:31:00 - [info] : Server is runnin on port 8000[39m
[34m07/03/2022 20:31:00 - [info] : Mongoose connection is disconnected.[39m
[31m07/03/2022 20:31:00 - [error] : Can not Connect MongoAPIError: URI must include hostname, domain name, and tld[39m
[34m07/03/2022 20:32:44 - [info] : Server is runnin on port 8000[39m
[34m07/03/2022 20:33:07 - [info] : Server is runnin on port 8000[39m
[34m07/03/2022 20:33:14 - [info] : Server is runnin on port 8000[39m
[34m07/03/2022 20:33:15 - [info] : Server is runnin on port 8000[39m
[34m07/03/2022 20:33:33 - [info] : Server is runnin on port 8000[39m
[34m07/03/2022 20:34:18 - [info] : Server is runnin on port 8000[39m
[34m07/03/2022 20:37:56 - [info] : Server is runnin on port 8000[39m
[34m07/03/2022 20:45:54 - [info] : Server is runnin on port 8000[39m
[34m07/03/2022 20:45:57 - [info] : Server is runnin on port 8000[39m
[34m07/03/2022 20:46:39 - [info] : Server is runnin on port 8000[39m
[31m07/03/2022 20:46:39 - [error] : Can not Connect MongoParseError: options usecreateindex, usefindandmodify are not supported[39m
[34m07/03/2022 20:46:41 - [info] : Server is runnin on port 8000[39m
[31m07/03/2022 20:46:41 - [error] : Can not Connect MongoParseError: options usecreateindex, usefindandmodify are not supported[39m
[34m07/03/2022 20:46:55 - [info] : Server is runnin on port 8000[39m
[34m07/03/2022 20:46:55 - [info] : Mongoose connection is disconnected.[39m
[31m07/03/2022 20:46:55 - [error] : Can not Connect MongoAPIError: URI must include hostname, domain name, and tld[39m
[34m07/03/2022 20:51:03 - [info] : Server is runnin on port 8000[39m
[34m07/03/2022 20:51:05 - [info] : Mongoose server listening[39m
[34m07/03/2022 20:51:22 - [info] : Server is runnin on port 8000[39m
[34m07/03/2022 20:51:23 - [info] : Server is runnin on port 8000[39m
[34m07/03/2022 20:51:24 - [info] : Mongoose server listening[39m
[34m07/03/2022 20:51:30 - [info] : Server is runnin on port 8000[39m
[34m07/03/2022 20:51:31 - [info] : Mongoose server listening[39m
[34m07/03/2022 20:51:36 - [info] : Server is runnin on port 8000[39m
[34m07/03/2022 20:51:38 - [info] : Mongoose server listening[39m
[34m07/03/2022 20:51:40 - [info] : Server is runnin on port 8000[39m
[34m07/03/2022 20:51:41 - [info] : Mongoose server listening[39m
[34m07/03/2022 20:51:45 - [info] : Server is runnin on port 8000[39m
[34m07/03/2022 20:51:46 - [info] : Mongoose server listening[39m
[34m07/03/2022 20:51:49 - [info] : Server is runnin on port 8000[39m
[34m07/03/2022 20:51:51 - [info] : Mongoose server listening[39m
[34m07/03/2022 20:51:52 - [info] : Server is runnin on port 8000[39m
[34m07/03/2022 20:51:53 - [info] : Mongoose server listening[39m
[34m07/03/2022 20:51:55 - [info] : Server is runnin on port 8000[39m
[34m07/03/2022 20:51:57 - [info] : Mongoose server listening[39m
[34m07/03/2022 20:52:01 - [info] : Server is runnin on port 8000[39m
[34m07/03/2022 20:52:02 - [info] : Mongoose server listening[39m
[34m07/03/2022 20:52:07 - [info] : Server is runnin on port 8000[39m
[34m07/03/2022 20:52:09 - [info] : Server is runnin on port 8000[39m
[34m07/03/2022 20:52:11 - [info] : Mongoose server listening[39m
[34m07/03/2022 20:52:15 - [info] : Server is runnin on port 8000[39m
[34m07/03/2022 20:52:17 - [info] : Mongoose server listening[39m
[34m07/03/2022 20:52:19 - [info] : Server is runnin on port 8000[39m
[34m07/03/2022 20:52:20 - [info] : Mongoose server listening[39m
[34m07/03/2022 20:52:21 - [info] : Server is runnin on port 8000[39m
[34m07/03/2022 20:52:21 - [info] : Mongoose server listening[39m
[34m07/03/2022 20:52:27 - [info] : Server is runnin on port 8000[39m
[34m07/03/2022 20:52:28 - [info] : Mongoose server listening[39m
[34m07/03/2022 20:52:30 - [info] : Server is runnin on port 8000[39m
[34m07/03/2022 20:52:31 - [info] : Mongoose server listening[39m
[34m07/03/2022 20:52:40 - [info] : Server is runnin on port 8000[39m
[34m07/03/2022 20:52:41 - [info] : Server is runnin on port 8000[39m
[34m07/03/2022 20:52:42 - [info] : Mongoose server listening[39m
[34m07/03/2022 20:52:43 - [info] : Server is runnin on port 8000[39m
[34m07/03/2022 20:52:44 - [info] : Mongoose server listening[39m
[34m07/03/2022 20:52:48 - [info] : Server is runnin on port 8000[39m
[34m07/03/2022 20:52:49 - [info] : Mongoose server listening[39m
[34m07/03/2022 21:45:53 - [info] : Server is runnin on port 8000[39m
[34m07/03/2022 21:45:55 - [info] : Mongoose server listening[39m
[34m07/03/2022 21:45:57 - [info] : Server is runnin on port 8000[39m
[34m07/03/2022 21:45:58 - [info] : Mongoose server listening[39m
[34m07/03/2022 21:46:21 - [info] : Server is runnin on port 8000[39m
[34m07/03/2022 21:46:22 - [info] : Mongoose server listening[39m
[34m07/03/2022 21:46:23 - [info] : Server is runnin on port 8000[39m
[34m07/03/2022 21:46:24 - [info] : Mongoose server listening[39m
[34m07/03/2022 21:46:26 - [info] : Server is runnin on port 8000[39m
[34m07/03/2022 21:46:27 - [info] : Server is runnin on port 8000[39m
[34m07/03/2022 21:46:28 - [info] : Mongoose server listening[39m
[34m07/03/2022 21:46:31 - [info] : Server is runnin on port 8000[39m
[34m07/03/2022 21:46:33 - [info] : Server is runnin on port 8000[39m
[34m07/03/2022 21:46:34 - [info] : Mongoose server listening[39m
[34m07/03/2022 21:46:40 - [info] : Server is runnin on port 8000[39m
[34m07/03/2022 21:46:42 - [info] : Mongoose server listening[39m
[34m07/03/2022 21:46:46 - [info] : Server is runnin on port 8000[39m
[34m07/03/2022 21:46:47 - [info] : Server is runnin on port 8000[39m
[34m07/03/2022 21:46:49 - [info] : Mongoose server listening[39m
[34m07/03/2022 21:46:51 - [info] : Server is runnin on port 8000[39m
[34m07/03/2022 21:46:53 - [info] : Server is runnin on port 8000[39m
[34m07/03/2022 21:46:54 - [info] : Server is runnin on port 8000[39m
[34m07/03/2022 21:46:54 - [info] : Mongoose server listening[39m
[34m07/03/2022 21:46:57 - [info] : Server is runnin on port 8000[39m
[34m07/03/2022 21:46:59 - [info] : Mongoose server listening[39m
[34m07/03/2022 21:46:59 - [info] : Server is runnin on port 8000[39m
[34m07/03/2022 21:47:01 - [info] : Server is runnin on port 8000[39m
[34m07/03/2022 21:47:02 - [info] : Mongoose server listening[39m
[34m07/03/2022 21:47:04 - [info] : Server is runnin on port 8000[39m
[34m07/03/2022 21:47:06 - [info] : Server is runnin on port 8000[39m
[34m07/03/2022 21:47:07 - [info] : Mongoose server listening[39m
[34m07/03/2022 21:47:08 - [info] : Server is runnin on port 8000[39m
[34m07/03/2022 21:47:10 - [info] : Mongoose server listening[39m
[34m07/03/2022 21:47:17 - [info] : Server is runnin on port 8000[39m
[34m07/03/2022 21:47:18 - [info] : Mongoose server listening[39m
[34m07/03/2022 21:47:22 - [info] : Server is runnin on port 8000[39m
[34m07/03/2022 21:47:23 - [info] : Mongoose server listening[39m
[34m07/03/2022 21:47:25 - [info] : Server is runnin on port 8000[39m
[34m07/03/2022 21:47:26 - [info] : Mongoose server listening[39m
[34m07/03/2022 21:47:29 - [info] : Server is runnin on port 8000[39m
[34m07/03/2022 21:47:30 - [info] : Mongoose server listening[39m
[34m07/03/2022 21:47:32 - [info] : Server is runnin on port 8000[39m
[34m07/03/2022 21:47:33 - [info] : Mongoose server listening[39m
[34m07/03/2022 21:47:41 - [info] : Server is runnin on port 8000[39m
[34m07/03/2022 21:47:43 - [info] : Mongoose server listening[39m
[34m07/03/2022 21:47:43 - [info] : Server is runnin on port 8000[39m
[34m07/03/2022 21:47:44 - [info] : Mongoose server listening[39m
[34m07/03/2022 21:47:47 - [info] : Server is runnin on port 8000[39m
[34m07/03/2022 21:47:48 - [info] : Mongoose server listening[39m
[34m07/03/2022 21:47:57 - [info] : Server is runnin on port 8000[39m
[34m07/03/2022 21:47:58 - [info] : Mongoose server listening[39m
[34m07/03/2022 21:48:18 - [info] : Server is runnin on port 8000[39m
[34m07/03/2022 21:48:37 - [info] : Server is runnin on port 8000[39m
[34m07/03/2022 21:48:38 - [info] : Server is runnin on port 8000[39m
[34m07/03/2022 21:48:39 - [info] : Mongoose server listening[39m
[34m07/03/2022 21:48:46 - [info] : Server is runnin on port 8000[39m
[34m07/03/2022 21:48:47 - [info] : Mongoose server listening[39m
[34m07/03/2022 21:48:50 - [info] : Server is runnin on port 8000[39m
[34m07/03/2022 21:48:51 - [info] : Mongoose server listening[39m
[34m07/03/2022 21:48:52 - [info] : Server is runnin on port 8000[39m
[34m07/03/2022 21:48:53 - [info] : Mongoose server listening[39m
[34m07/03/2022 21:49:00 - [info] : Server is runnin on port 8000[39m
[34m07/03/2022 21:49:01 - [info] : Server is runnin on port 8000[39m
[34m07/03/2022 21:49:02 - [info] : Mongoose server listening[39m
[34m07/03/2022 21:49:10 - [info] : Server is runnin on port 8000[39m
[34m07/03/2022 21:49:11 - [info] : Mongoose server listening[39m
[34m07/03/2022 21:49:19 - [info] : Server is runnin on port 8000[39m
[34m07/03/2022 21:49:21 - [info] : Mongoose server listening[39m
[34m07/03/2022 21:49:24 - [info] : Server is runnin on port 8000[39m
[34m07/03/2022 21:49:26 - [info] : Mongoose server listening[39m
[34m07/03/2022 21:49:29 - [info] : Server is runnin on port 8000[39m
[34m07/03/2022 21:49:31 - [info] : Server is runnin on port 8000[39m
[34m07/03/2022 21:49:32 - [info] : Server is runnin on port 8000[39m
[34m07/03/2022 21:49:33 - [info] : Mongoose server listening[39m
[34m07/03/2022 21:49:53 - [info] : Server is runnin on port 8000[39m
[34m07/03/2022 21:49:54 - [info] : Mongoose server listening[39m
[34m07/03/2022 21:49:56 - [info] : Server is runnin on port 8000[39m
[34m07/03/2022 21:49:56 - [info] : Mongoose server listening[39m
[34m07/03/2022 21:49:59 - [info] : Server is runnin on port 8000[39m
[34m07/03/2022 21:50:01 - [info] : Mongoose server listening[39m
[34m07/03/2022 21:50:02 - [info] : Server is runnin on port 8000[39m
[34m07/03/2022 21:51:01 - [info] : Server is runnin on port 8000[39m
[34m07/03/2022 21:51:03 - [info] : Mongoose server listening[39m
[34m07/03/2022 21:54:01 - [info] : Server is runnin on port 8000[39m
[34m07/03/2022 21:54:04 - [info] : Mongoose server listening[39m
[34m07/03/2022 21:54:27 - [info] : Server is runnin on port 8000[39m
[34m07/03/2022 21:54:28 - [info] : Mongoose server listening[39m
[34m07/03/2022 21:54:33 - [info] : Server is runnin on port 8000[39m
[34m07/03/2022 21:54:34 - [info] : Mongoose server listening[39m
[34m07/03/2022 21:54:39 - [info] : Server is runnin on port 8000[39m
[34m07/03/2022 21:54:40 - [info] : Mongoose server listening[39m
[34m07/03/2022 21:54:47 - [info] : Server is runnin on port 8000[39m
[34m07/03/2022 21:54:48 - [info] : Mongoose server listening[39m
[34m07/03/2022 22:20:09 - [info] : Mongoose connection is disconnected.[39m
[34m07/03/2022 22:21:28 - [info] : Server is runnin on port 8000[39m
[34m07/03/2022 22:21:30 - [info] : Mongoose server listening[39m
[34m07/03/2022 22:21:32 - [info] : Server is runnin on port 8000[39m
[34m07/03/2022 22:21:33 - [info] : Mongoose server listening[39m
[34m07/03/2022 22:23:50 - [info] : Server is runnin on port 8000[39m
[34m07/03/2022 22:23:52 - [info] : Server is runnin on port 8000[39m
[34m07/03/2022 22:23:53 - [info] : Mongoose server listening[39m
[34m07/03/2022 22:24:53 - [info] : Server is runnin on port 8000[39m
[34m07/03/2022 22:24:55 - [info] : Mongoose server listening[39m
[34m07/03/2022 22:24:57 - [info] : Server is runnin on port 8000[39m
[34m07/03/2022 22:24:58 - [info] : Server is runnin on port 8000[39m
[34m07/03/2022 22:24:59 - [info] : Mongoose server listening[39m
[34m07/03/2022 22:25:01 - [info] : Server is runnin on port 8000[39m
[34m07/03/2022 22:25:01 - [info] : Mongoose server listening[39m
[34m07/03/2022 22:25:08 - [info] : Server is runnin on port 8000[39m
[34m07/03/2022 22:25:09 - [info] : Mongoose server listening[39m
[34m07/03/2022 22:25:11 - [info] : Server is runnin on port 8000[39m
[34m07/03/2022 22:25:13 - [info] : Mongoose server listening[39m
[34m07/03/2022 22:25:17 - [info] : Server is runnin on port 8000[39m
[34m07/03/2022 22:25:18 - [info] : Mongoose server listening[39m
[34m07/03/2022 22:25:21 - [info] : Server is runnin on port 8000[39m
[34m07/03/2022 22:25:23 - [info] : Mongoose server listening[39m
[34m07/03/2022 22:25:27 - [info] : Server is runnin on port 8000[39m
[34m07/03/2022 22:25:28 - [info] : Mongoose server listening[39m
[34m07/03/2022 22:25:36 - [info] : Server is runnin on port 8000[39m
[34m07/03/2022 22:25:37 - [info] : Server is runnin on port 8000[39m
[34m07/03/2022 22:25:38 - [info] : Mongoose server listening[39m
[34m07/03/2022 22:25:38 - [info] : Server is runnin on port 8000[39m
[34m07/03/2022 22:25:39 - [info] : Mongoose server listening[39m
[34m07/03/2022 22:25:44 - [info] : Server is runnin on port 8000[39m
[34m07/03/2022 22:25:45 - [info] : Mongoose server listening[39m
[34m07/03/2022 22:25:46 - [info] : Server is runnin on port 8000[39m
[34m07/03/2022 22:25:48 - [info] : Server is runnin on port 8000[39m
[34m07/03/2022 22:25:48 - [info] : Mongoose server listening[39m
[34m07/03/2022 22:25:53 - [info] : Server is runnin on port 8000[39m
[34m07/03/2022 22:25:54 - [info] : Mongoose server listening[39m
[34m07/03/2022 22:26:50 - [info] : Server is runnin on port 8000[39m
[34m07/03/2022 22:26:51 - [info] : Server is runnin on port 8000[39m
[34m07/03/2022 22:26:52 - [info] : Mongoose server listening[39m
[34m07/03/2022 22:26:55 - [info] : Server is runnin on port 8000[39m
[34m07/03/2022 22:26:57 - [info] : Mongoose server listening[39m
[34m07/03/2022 22:26:59 - [info] : Server is runnin on port 8000[39m
[34m07/03/2022 22:26:59 - [info] : Mongoose server listening[39m
