[31m07/03/2022 20:24:53 - [error] : Can not Connect MongoAPIError: URI must include hostname, domain name, and tld[39m
[31m07/03/2022 20:31:00 - [error] : Can not Connect MongoAPIError: URI must include hostname, domain name, and tld[39m
[31m07/03/2022 20:46:39 - [error] : Can not Connect MongoParseError: options usecreateindex, usefindandmodify are not supported[39m
[31m07/03/2022 20:46:41 - [error] : Can not Connect MongoParseError: options usecreateindex, usefindandmodify are not supported[39m
[31m07/03/2022 20:46:55 - [error] : Can not Connect MongoAPIError: URI must include hostname, domain name, and tld[39m
[31m07/03/2022 23:20:16 - [error] : Error During creating Todo Error: Cannot apply rules to empty ruleset or the last rule added does not support rule properties[39m
[31m07/03/2022 23:21:14 - [error] : Error During creating Todo Error: Cannot apply rules to empty ruleset or the last rule added does not support rule properties[39m
[31m07/03/2022 23:24:25 - [error] : Error During creating Todo Error: Cannot apply rules to empty ruleset or the last rule added does not support rule properties[39m
[31m08/03/2022 10:24:32 - [error] : Todo Not UpdatedValidationError: "id" is not allowed[39m
[31m08/03/2022 10:25:27 - [error] : Todo Not UpdatedValidationError: "id" is not allowed[39m
[31m08/03/2022 10:26:50 - [error] : Todo Not UpdatedError: Cannot apply rules to empty ruleset or the last rule added does not support rule properties[39m
[31m08/03/2022 10:27:30 - [error] : Todo Not UpdatedError: Cannot apply rules to empty ruleset or the last rule added does not support rule properties[39m
[31m08/03/2022 10:29:27 - [error] : Todo Not UpdatedError: Cannot apply rules to empty ruleset or the last rule added does not support rule properties[39m
[31m08/03/2022 10:35:38 - [error] : Todo Not UpdatedError: Cannot apply rules to empty ruleset or the last rule added does not support rule properties[39m
[31m08/03/2022 10:35:52 - [error] : Todo Not UpdatedError: Cannot apply rules to empty ruleset or the last rule added does not support rule properties[39m
[31m08/03/2022 12:18:25 - [error] : Todo Not UpdatedError: Cannot apply rules to empty ruleset or the last rule added does not support rule properties[39m
[31m08/03/2022 12:19:47 - [error] : Todo Not UpdatedReferenceError: id is not defined[39m
[31m08/03/2022 12:20:16 - [error] : Todo Not UpdatedNotFoundError: Todo Not Found[39m
[31m08/03/2022 12:20:55 - [error] : Todo Not UpdatedNotFoundError: Todo Not Found[39m
[31m08/03/2022 12:21:46 - [error] : Todo Not UpdatedNotFoundError: Todo Not Found[39m
[31m08/03/2022 12:22:07 - [error] : Todo Not UpdatedNotFoundError: Todo Not Found[39m
[31m08/03/2022 12:30:00 - [error] : Error while deleting By IdTypeError: todoSchema.delete is not a function[39m
